<?xml version="1.0" encoding="UTF-8"?>
<!-- Generated by org.testng.reporters.JUnitXMLReporter -->
<testsuite ignored="0" hostname="DESKTOP-DHJEVHR" failures="0" tests="4" name="Default test" time="93.008" errors="0" timestamp="2023-03-08T17:47:33 IST">
  <testcase classname="org.BankingTest.TC001Login" name="LoginTest" time="7.111"/>
  <testcase classname="org.BankingTest.TC001Login" name="LoginTest" time="5.811"/>
  <testcase classname="org.BankingTest.TC001Login" name="LoginTest" time="5.915"/>
  <testcase classname="org.BankingTest.TC001Login" name="LoginTest" time="6.421"/>
</testsuite> <!-- Default test -->
