<?xml version="1.0" encoding="UTF-8"?>
<testng-results ignored="0" total="4" passed="4" failed="0" skipped="0">
  <reporter-output>
  </reporter-output>
  <suite started-at="2023-03-08T17:46:00 IST" name="Default suite" finished-at="2023-03-08T17:47:33 IST" duration-ms="93008">
    <groups>
    </groups>
    <test started-at="2023-03-08T17:46:00 IST" name="Default test" finished-at="2023-03-08T17:47:33 IST" duration-ms="93008">
      <class name="org.BankingTest.TC001Login">
        <test-method is-config="true" signature="starApp()[pri:0, instance:org.BankingTest.TC001Login@41e36e46]" started-at="2023-03-08T17:46:01 IST" name="starApp" finished-at="2023-03-08T17:46:16 IST" duration-ms="14962" status="PASS">
          <reporter-output>
          </reporter-output>
        </test-method> <!-- starApp -->
        <test-method signature="LoginTest([Ljava.lang.String;)[pri:0, instance:org.BankingTest.TC001Login@41e36e46]" started-at="2023-03-08T17:46:16 IST" name="LoginTest" data-provider="data" finished-at="2023-03-08T17:46:23 IST" duration-ms="7111" status="PASS">
          <params>
            <param index="0">
              <value>
                <![CDATA[[Ljava.lang.String;@3971f0fe]]>
              </value>
            </param>
          </params>
          <reporter-output>
          </reporter-output>
        </test-method> <!-- LoginTest -->
        <test-method is-config="true" signature="closeApp()[pri:0, instance:org.BankingTest.TC001Login@41e36e46]" started-at="2023-03-08T17:46:23 IST" name="closeApp" finished-at="2023-03-08T17:46:27 IST" duration-ms="3936" status="PASS">
          <reporter-output>
          </reporter-output>
        </test-method> <!-- closeApp -->
        <test-method is-config="true" signature="starApp()[pri:0, instance:org.BankingTest.TC001Login@41e36e46]" started-at="2023-03-08T17:46:27 IST" name="starApp" finished-at="2023-03-08T17:46:40 IST" duration-ms="13440" status="PASS">
          <reporter-output>
          </reporter-output>
        </test-method> <!-- starApp -->
        <test-method signature="LoginTest([Ljava.lang.String;)[pri:0, instance:org.BankingTest.TC001Login@41e36e46]" started-at="2023-03-08T17:46:40 IST" name="LoginTest" data-provider="data" finished-at="2023-03-08T17:46:46 IST" duration-ms="5811" status="PASS">
          <params>
            <param index="0">
              <value>
                <![CDATA[[Ljava.lang.String;@23940f86]]>
              </value>
            </param>
          </params>
          <reporter-output>
          </reporter-output>
        </test-method> <!-- LoginTest -->
        <test-method is-config="true" signature="closeApp()[pri:0, instance:org.BankingTest.TC001Login@41e36e46]" started-at="2023-03-08T17:46:46 IST" name="closeApp" finished-at="2023-03-08T17:46:49 IST" duration-ms="2802" status="PASS">
          <reporter-output>
          </reporter-output>
        </test-method> <!-- closeApp -->
        <test-method is-config="true" signature="starApp()[pri:0, instance:org.BankingTest.TC001Login@41e36e46]" started-at="2023-03-08T17:46:49 IST" name="starApp" finished-at="2023-03-08T17:47:02 IST" duration-ms="13448" status="PASS">
          <reporter-output>
          </reporter-output>
        </test-method> <!-- starApp -->
        <test-method signature="LoginTest([Ljava.lang.String;)[pri:0, instance:org.BankingTest.TC001Login@41e36e46]" started-at="2023-03-08T17:47:02 IST" name="LoginTest" data-provider="data" finished-at="2023-03-08T17:47:08 IST" duration-ms="5915" status="PASS">
          <params>
            <param index="0">
              <value>
                <![CDATA[[Ljava.lang.String;@66153688]]>
              </value>
            </param>
          </params>
          <reporter-output>
          </reporter-output>
        </test-method> <!-- LoginTest -->
        <test-method is-config="true" signature="closeApp()[pri:0, instance:org.BankingTest.TC001Login@41e36e46]" started-at="2023-03-08T17:47:08 IST" name="closeApp" finished-at="2023-03-08T17:47:10 IST" duration-ms="1281" status="PASS">
          <reporter-output>
          </reporter-output>
        </test-method> <!-- closeApp -->
        <test-method is-config="true" signature="starApp()[pri:0, instance:org.BankingTest.TC001Login@41e36e46]" started-at="2023-03-08T17:47:10 IST" name="starApp" finished-at="2023-03-08T17:47:24 IST" duration-ms="14929" status="PASS">
          <reporter-output>
          </reporter-output>
        </test-method> <!-- starApp -->
        <test-method signature="LoginTest([Ljava.lang.String;)[pri:0, instance:org.BankingTest.TC001Login@41e36e46]" started-at="2023-03-08T17:47:24 IST" name="LoginTest" data-provider="data" finished-at="2023-03-08T17:47:31 IST" duration-ms="6421" status="PASS">
          <params>
            <param index="0">
              <value>
                <![CDATA[[Ljava.lang.String;@455824ad]]>
              </value>
            </param>
          </params>
          <reporter-output>
          </reporter-output>
        </test-method> <!-- LoginTest -->
        <test-method is-config="true" signature="closeApp()[pri:0, instance:org.BankingTest.TC001Login@41e36e46]" started-at="2023-03-08T17:47:31 IST" name="closeApp" finished-at="2023-03-08T17:47:33 IST" duration-ms="1777" status="PASS">
          <reporter-output>
          </reporter-output>
        </test-method> <!-- closeApp -->
      </class> <!-- org.BankingTest.TC001Login -->
    </test> <!-- Default test -->
  </suite> <!-- Default suite -->
</testng-results>
